<?xml version="1.0" encoding="UTF-8"?>
<testng-results ignored="0" total="2" passed="2" failed="0" skipped="0">
  <reporter-output>
  </reporter-output>
  <suite started-at="2021-12-20T15:52:54 IST" name="Suite1" finished-at="2021-12-20T15:53:33 IST" duration-ms="39092">
    <groups>
    </groups>
    <test started-at="2021-12-20T15:52:54 IST" name="apidemostestRealDevice" finished-at="2021-12-20T15:53:31 IST" duration-ms="37150">
      <class name="com.appium.Day5Scripts.ParameterDemo">
        <test-method is-config="true" signature="methodBefore(java.lang.String,java.lang.String,java.lang.String)[pri:0, instance:com.appium.Day5Scripts.ParameterDemo@5a56cdac]" started-at="2021-12-20T15:52:54 IST" name="methodBefore" finished-at="2021-12-20T15:53:14 IST" duration-ms="20163" status="PASS">
          <params>
            <param index="0">
              <value>
                <![CDATA[96352732140005T]]>
              </value>
            </param>
            <param index="1">
              <value>
                <![CDATA[11]]>
              </value>
            </param>
            <param index="2">
              <value>
                <![CDATA[http://127.0.0.1:4733/wd/hub]]>
              </value>
            </param>
          </params>
          <reporter-output>
          </reporter-output>
        </test-method> <!-- methodBefore -->
        <test-method signature="method3(java.lang.String)[pri:49, instance:com.appium.Day5Scripts.ParameterDemo@5a56cdac]" started-at="2021-12-20T15:53:15 IST" name="method3" finished-at="2021-12-20T15:53:31 IST" duration-ms="16791" status="PASS">
          <params>
            <param index="0">
              <value>
                <![CDATA[sonalReal]]>
              </value>
            </param>
          </params>
          <reporter-output>
          </reporter-output>
        </test-method> <!-- method3 -->
      </class> <!-- com.appium.Day5Scripts.ParameterDemo -->
    </test> <!-- apidemostestRealDevice -->
    <test started-at="2021-12-20T15:52:54 IST" name="apidemostestsEmulator" finished-at="2021-12-20T15:53:33 IST" duration-ms="39092">
      <class name="com.appium.Day5Scripts.ParameterDemo">
        <test-method is-config="true" signature="methodBefore(java.lang.String,java.lang.String,java.lang.String)[pri:0, instance:com.appium.Day5Scripts.ParameterDemo@47faa49c]" started-at="2021-12-20T15:52:54 IST" name="methodBefore" finished-at="2021-12-20T15:53:17 IST" duration-ms="22438" status="PASS">
          <params>
            <param index="0">
              <value>
                <![CDATA[Demo13dec]]>
              </value>
            </param>
            <param index="1">
              <value>
                <![CDATA[7.1.1]]>
              </value>
            </param>
            <param index="2">
              <value>
                <![CDATA[http://127.0.0.1:4723/wd/hub]]>
              </value>
            </param>
          </params>
          <reporter-output>
          </reporter-output>
        </test-method> <!-- methodBefore -->
        <test-method signature="method3(java.lang.String)[pri:49, instance:com.appium.Day5Scripts.ParameterDemo@47faa49c]" started-at="2021-12-20T15:53:17 IST" name="method3" finished-at="2021-12-20T15:53:33 IST" duration-ms="16610" status="PASS">
          <params>
            <param index="0">
              <value>
                <![CDATA[sonalEmulator]]>
              </value>
            </param>
          </params>
          <reporter-output>
          </reporter-output>
        </test-method> <!-- method3 -->
      </class> <!-- com.appium.Day5Scripts.ParameterDemo -->
    </test> <!-- apidemostestsEmulator -->
  </suite> <!-- Suite1 -->
</testng-results>
